<?xml version="1.0" ?><testsuite name="edu.umb.cs680.hw06.DVDPlayerTest" time="0.072" timestamp="2020-05-23T12:28:24" tests="2" failures="0" skipped="0" aborted="0"><properties><property name="ant.library.dir" value="C:\ant\lib"></property><property name="env.NUMBER_OF_PROCESSORS" value="20"></property><property name="env.USERPROFILE" value="C:\Users\Dmitry"></property><property name="java.specification.version" value="14"></property><property name="ant.project.name" value="hw06"></property><property name="sun.cpu.isalist" value="amd64"></property><property name="bin" value="C:\Users\Dmitry\IdeaProjects\cs680\bin"></property><property name="sun.jnu.encoding" value="Cp1252"></property><property name="env.TERMINAL_EMULATOR" value="JetBrains-JediTerm"></property><property name="sun.arch.data.model" value="64"></property><property name="test.reports" value="C:\Users\Dmitry\IdeaProjects\cs680\test\reports"></property><property name="env.JUNIT" value="C:\Users\Dmitry\.m2\repository"></property><property name="java.vendor.url" value="https://java.oracle.com/"></property><property name="env.CommonProgramW6432" value="C:\Program Files\Common Files"></property><property name="env.OS" value="Windows_NT"></property><property name="env.RMANTREE" value="C:\Program Files\Pixar\RenderManProServer-23.0\"></property><property name="test.src" value="C:\Users\Dmitry\IdeaProjects\cs680\test\src"></property><property name="sun.boot.library.path" value="C:\Program Files\Java\jdk-14.0.1\bin"></property><property name="sun.java.command" value="org.apache.tools.ant.launch.Launcher -f hw06.xml"></property><property name="env.NVCUDASAMPLES10_2_ROOT" value="C:\ProgramData\NVIDIA Corporation\CUDA Samples\v10.2"></property><property name="jdk.debug" value="release"></property><property name="env.ComSpec" value="C:\Windows\system32\cmd.exe"></property><property name="env.NVTOOLSEXT_PATH" value="C:\Program Files\NVIDIA Corporation\NvToolsExt\"></property><property name="sun.stderr.encoding" value="cp437"></property><property name="java.specification.vendor" value="Oracle Corporation"></property><property name="env.ANT_CMD_LINE_ARGS" value=" -f hw06.xml"></property><property name="java.version.date" value="2020-04-14"></property><property name="java.home" value="C:\Program Files\Java\jdk-14.0.1"></property><property name="basedir" value="C:\Users\Dmitry\IdeaProjects\cs680"></property><property name="file.separator" value="\"></property><property name="env.ProgramFiles" value="C:\Program Files"></property><property name="java.vm.compressedOopsMode" value="Zero based"></property><property name="sun.stdout.encoding" value="cp437"></property><property name="line.separator" value="
"></property><property name="env.PROMPT" value="$P$G"></property><property name="java.specification.name" value="Java Platform API Specification"></property><property name="java.vm.specification.vendor" value="Oracle Corporation"></property><property name="env._JAVACMD" value="java.exe"></property><property name="env.CPLEX_STUDIO_BINARIES129" value="C:\Program Files\IBM\ILOG\CPLEX_Studio_Community129\opl\bin\x64_win64;C:\Program Files\IBM\ILOG\CPLEX_Studio_Community129\opl\oplide\;C:\Program Files\IBM\ILOG\CPLEX_Studio_Community129\cplex\bin\x64_win64;C:\Program Files\IBM\ILOG\CPLEX_Studio_Community129\cpoptimizer\bin\x64_win64"></property><property name="env.LOCALAPPDATA" value="C:\Users\Dmitry\AppData\Local"></property><property name="env.USERDOMAIN_ROAMINGPROFILE" value="DESKTOP-V5029RG"></property><property name="test.bin" value="C:\Users\Dmitry\IdeaProjects\cs680\test\bin"></property><property name="env.PROCESSOR_REVISION" value="5504"></property><property name="user.script" value=""></property><property name="env.PSModulePath" value="C:\Program Files\WindowsPowerShell\Modules;C:\Windows\system32\WindowsPowerShell\v1.0\Modules"></property><property name="sun.management.compiler" value="HotSpot 64-Bit Tiered Compilers"></property><property name="env.PROCESSOR_IDENTIFIER" value="Intel64 Family 6 Model 85 Stepping 4, GenuineIntel"></property><property name="java.runtime.version" value="14.0.1+7"></property><property name="user.name" value="Dmitry"></property><property name="env.ProgramW6432" value="C:\Program Files"></property><property name="env.DriverData" value="C:\Windows\System32\Drivers\DriverData"></property><property name="env.CommonProgramFiles" value="C:\Program Files\Common Files"></property><property name="env.DokanLibrary1" value="C:\Program Files\Dokan\Dokan Library-1.2.0\"></property><property name="env.PUBLIC" value="C:\Users\Public"></property><property name="file.encoding" value="Cp1252"></property><property name="env.COMPUTERNAME" value="DESKTOP-V5029RG"></property><property name="env.HOMEPATH" value="\Users\Dmitry"></property><property name="env.APPDATA" value="C:\Users\Dmitry\AppData\Roaming"></property><property name="env.SystemDrive" value="C:"></property><property name="env.ProgramData" value="C:\ProgramData"></property><property name="env.IntelliJ IDEA Community Edition" value="C:\Program Files\JetBrains\IntelliJ IDEA Community Edition 2019.3.3\bin;"></property><property name="java.io.tmpdir" value="C:\Users\Dmitry\AppData\Local\Temp\"></property><property name="java.version" value="14.0.1"></property><property name="env.Path" value="C:\Program Files\NVIDIA GPU Computing Toolkit\CUDA\v10.2\bin;C:\Program Files\NVIDIA GPU Computing Toolkit\CUDA\v10.2\libnvvp;C:\Program Files\IBM\ILOG\CPLEX_Studio_Community129\opl\bin\x64_win64;C:\Program Files\IBM\ILOG\CPLEX_Studio_Community129\opl\oplide\;C:\Program Files\IBM\ILOG\CPLEX_Studio_Community129\cplex\bin\x64_win64;C:\Program Files\IBM\ILOG\CPLEX_Studio_Community129\cpoptimizer\bin\x64_win64;c:\program files (x86)\intel\intel(r) management engine components\icls\;c:\program files\intel\intel(r) management engine components\icls\;c:\windows\system32;c:\windows;c:\windows\system32\wbem;c:\windows\system32\windowspowershell\v1.0\;c:\windows\system32\openssh\;c:\program files (x86)\intel\intel(r) management engine components\dal;c:\program files\intel\intel(r) management engine components\dal;c:\program files (x86)\intel\intel(r) management engine components\ipt;c:\program files\intel\intel(r) management engine components\ipt;c:\program files\nvidia corporation\nvidia nvdlisr;C:\Program Files\MATLAB\R2019a\bin;c:\program files\matlab\r2018b\bin;c:\program files\git\cmd;C:\Program Files\MATLAB\R2018a\bin;C:\Program Files\PuTTY\;C:\Program Files (x86)\NVIDIA Corporation\PhysX\Common;C:\Program Files\Git\cmd;C:\Program Files\NVIDIA Corporation\Nsight Compute 2019.5.0\;C:\Program Files\Java\jdk-14.0.1\bin;C:\Users\Dmitry\AppData\Local\Microsoft\WindowsApps;C:\Users\Dmitry\AppData\Local\GitHubDesktop\bin;C:\texlive\2019\bin\win32;C:\Program Files\NVIDIA GPU Computing Toolkit\CUDA\v10.0\bin;C:\Program Files\JetBrains\IntelliJ IDEA Community Edition 2019.3.3\bin;;C:\ant\bin;"></property><property name="env.PROCESSOR_LEVEL" value="6"></property><property name="env.HOMEDRIVE" value="C:"></property><property name="env.TMP" value="C:\Users\Dmitry\AppData\Local\Temp"></property><property name="java.vm.specification.name" value="Java Virtual Machine Specification"></property><property name="ant.home" value="C:\ant"></property><property name="sun.os.patch.level" value=""></property><property name="ant.version" value="Apache Ant(TM) version 1.10.8 compiled on May 10 2020"></property><property name="java.library.path" value="C:\Program Files\Java\jdk-14.0.1\bin;C:\Windows\Sun\Java\bin;C:\Windows\system32;C:\Windows;C:\Program Files\NVIDIA GPU Computing Toolkit\CUDA\v10.2\bin;C:\Program Files\NVIDIA GPU Computing Toolkit\CUDA\v10.2\libnvvp;C:\Program Files\IBM\ILOG\CPLEX_Studio_Community129\opl\bin\x64_win64;C:\Program Files\IBM\ILOG\CPLEX_Studio_Community129\opl\oplide\;C:\Program Files\IBM\ILOG\CPLEX_Studio_Community129\cplex\bin\x64_win64;C:\Program Files\IBM\ILOG\CPLEX_Studio_Community129\cpoptimizer\bin\x64_win64;c:\program files (x86)\intel\intel(r) management engine components\icls\;c:\program files\intel\intel(r) management engine components\icls\;c:\windows\system32;c:\windows;c:\windows\system32\wbem;c:\windows\system32\windowspowershell\v1.0\;c:\windows\system32\openssh\;c:\program files (x86)\intel\intel(r) management engine components\dal;c:\program files\intel\intel(r) management engine components\dal;c:\program files (x86)\intel\intel(r) management engine components\ipt;c:\program files\intel\intel(r) management engine components\ipt;c:\program files\nvidia corporation\nvidia nvdlisr;C:\Program Files\MATLAB\R2019a\bin;c:\program files\matlab\r2018b\bin;c:\program files\git\cmd;C:\Program Files\MATLAB\R2018a\bin;C:\Program Files\PuTTY\;C:\Program Files (x86)\NVIDIA Corporation\PhysX\Common;C:\Program Files\Git\cmd;C:\Program Files\NVIDIA Corporation\Nsight Compute 2019.5.0\;C:\Program Files\Java\jdk-14.0.1\bin;C:\Users\Dmitry\AppData\Local\Microsoft\WindowsApps;C:\Users\Dmitry\AppData\Local\GitHubDesktop\bin;C:\texlive\2019\bin\win32;C:\Program Files\NVIDIA GPU Computing Toolkit\CUDA\v10.0\bin;C:\Program Files\JetBrains\IntelliJ IDEA Community Edition 2019.3.3\bin;;C:\ant\bin;;."></property><property name="java.vendor" value="Oracle Corporation"></property><property name="env.AppsRoot" value="D"></property><property name="env.LOGONSERVER" value="\\DESKTOP-V5029RG"></property><property name="sun.io.unicode.encoding" value="UnicodeLittle"></property><property name="ant.file.type" value="file"></property><property name="env.CPLEX_STUDIO_DIR129" value="C:\Program Files\IBM\ILOG\CPLEX_Studio_Community129"></property><property name="java.class.path" value="C:\ant\lib\ant-launcher.jar;C:\ant\lib\ant-antlr.jar;C:\ant\lib\ant-apache-bcel.jar;C:\ant\lib\ant-apache-bsf.jar;C:\ant\lib\ant-apache-log4j.jar;C:\ant\lib\ant-apache-oro.jar;C:\ant\lib\ant-apache-regexp.jar;C:\ant\lib\ant-apache-resolver.jar;C:\ant\lib\ant-apache-xalan2.jar;C:\ant\lib\ant-commons-logging.jar;C:\ant\lib\ant-commons-net.jar;C:\ant\lib\ant-imageio.jar;C:\ant\lib\ant-jai.jar;C:\ant\lib\ant-javamail.jar;C:\ant\lib\ant-jdepend.jar;C:\ant\lib\ant-jmf.jar;C:\ant\lib\ant-jsch.jar;C:\ant\lib\ant-junit.jar;C:\ant\lib\ant-junit4.jar;C:\ant\lib\ant-junitlauncher.jar;C:\ant\lib\ant-launcher.jar;C:\ant\lib\ant-netrexx.jar;C:\ant\lib\ant-swing.jar;C:\ant\lib\ant-testutil.jar;C:\ant\lib\ant-xz.jar;C:\ant\lib\ant.jar"></property><property name="java.vm.vendor" value="Oracle Corporation"></property><property name="env.PROCESSOR_ARCHITECTURE" value="AMD64"></property><property name="user.variant" value=""></property><property name="env.__INTELLIJ_COMMAND_HISTFILE__" value="C:\Users\Dmitry\AppData\Roaming\JetBrains\IdeaIC2020.1\terminal\history\history-4"></property><property name="env.SystemRoot" value="C:\Windows"></property><property name="os.name" value="Windows 10"></property><property name="java.vm.specification.version" value="14"></property><property name="sun.java.launcher" value="SUN_STANDARD"></property><property name="user.country" value="US"></property><property name="env.USERDOMAIN" value="DESKTOP-V5029RG"></property><property name="sun.cpu.endian" value="little"></property><property name="user.home" value="C:\Users\Dmitry"></property><property name="user.language" value="en"></property><property name="env.NVCUDASAMPLES_ROOT" value="C:\ProgramData\NVIDIA Corporation\CUDA Samples\v10.2"></property><property name="env.DokanLibrary1_LibraryPath_x86" value="C:\Program Files\Dokan\Dokan Library-1.2.0\x86\lib\"></property><property name="env.ALLUSERSPROFILE" value="C:\ProgramData"></property><property name="ant.java.version" value="14"></property><property name="env.SESSIONNAME" value="Console"></property><property name="env.CUDA_PATH_V10_2" value="C:\Program Files\NVIDIA GPU Computing Toolkit\CUDA\v10.2"></property><property name="env.IDEA_INITIAL_DIRECTORY" value="C:\Windows\system32"></property><property name="env.ANT_HOME" value="C:\ant"></property><property name="env.windir" value="C:\Windows"></property><property name="ant.file" value="C:\Users\Dmitry\IdeaProjects\cs680\hw06.xml"></property><property name="path.separator" value=";"></property><property name="env.=C:" value="C:\Users\Dmitry\IdeaProjects\cs680"></property><property name="os.version" value="10.0"></property><property name="env.CommonProgramFiles(x86)" value="C:\Program Files (x86)\Common Files"></property><property name="java.runtime.name" value="Java(TM) SE Runtime Environment"></property><property name="env.PATHEXT" value=".COM;.EXE;.BAT;.CMD;.VBS;.VBE;.JS;.JSE;.WSF;.WSH;.MSC"></property><property name="ant.project.invoked-targets" value="clean"></property><property name="env._USE_CLASSPATH" value="no"></property><property name="java.vm.name" value="Java HotSpot(TM) 64-Bit Server VM"></property><property name="ant.core.lib" value="C:\ant\lib\ant.jar"></property><property name="ant.file.hw06" value="C:\Users\Dmitry\IdeaProjects\cs680\hw06.xml"></property><property name="java.vendor.url.bug" value="https://bugreport.java.com/bugreport/"></property><property name="src" value="C:\Users\Dmitry\IdeaProjects\cs680\src"></property><property name="user.dir" value="C:\Users\Dmitry\IdeaProjects\cs680"></property><property name="env.USERNAME" value="Dmitry"></property><property name="os.arch" value="amd64"></property><property name="env.DokanLibrary1_LibraryPath_x64" value="C:\Program Files\Dokan\Dokan Library-1.2.0\lib\"></property><property name="env.ProgramFiles(x86)" value="C:\Program Files (x86)"></property><property name="java.vm.info" value="mixed mode, sharing"></property><property name="java.vm.version" value="14.0.1+7"></property><property name="env.CUDA_PATH" value="C:\Program Files\NVIDIA GPU Computing Toolkit\CUDA\v10.2"></property><property name="env.TEMP" value="C:\Users\Dmitry\AppData\Local\Temp"></property><property name="java.class.version" value="58.0"></property><property name="env.OneDrive" value="C:\Users\Dmitry\OneDrive"></property><property name="ant.project.default-target" value="clean"></property><property name="ant.file.type.hw06" value="file"></property></properties><testcase classname="edu.umb.cs680.hw06.DVDPlayerTest" name="changeState()" time="0.005"></testcase><testcase classname="edu.umb.cs680.hw06.DVDPlayerTest" name="buttonPushed()" time="0.006"></testcase></testsuite>